2019-01-24 15:51:05  freemarker.log._Log4jLoggerFactory$Log4jLogger.debug(_Log4jLoggerFactory.java:44)  Couldn't find template in cache for "error.ftl"("zh_CN", UTF-8, parsed); will try to load it.
2019-01-24 15:51:05  freemarker.log._Log4jLoggerFactory$Log4jLogger.debug(_Log4jLoggerFactory.java:44)  TemplateLoader.findTemplateSource("error_zh_CN.ftl"): Not found
2019-01-24 15:51:05  freemarker.log._Log4jLoggerFactory$Log4jLogger.debug(_Log4jLoggerFactory.java:44)  TemplateLoader.findTemplateSource("error_zh.ftl"): Not found
2019-01-24 15:51:05  freemarker.log._Log4jLoggerFactory$Log4jLogger.debug(_Log4jLoggerFactory.java:44)  TemplateLoader.findTemplateSource("error.ftl"): Not found
2019-01-24 15:52:01  freemarker.log._Log4jLoggerFactory$Log4jLogger.debug(_Log4jLoggerFactory.java:44)  Couldn't find template in cache for "error.ftl"("zh_CN", UTF-8, parsed); will try to load it.
2019-01-24 15:52:01  freemarker.log._Log4jLoggerFactory$Log4jLogger.debug(_Log4jLoggerFactory.java:44)  TemplateLoader.findTemplateSource("error_zh_CN.ftl"): Not found
2019-01-24 15:52:01  freemarker.log._Log4jLoggerFactory$Log4jLogger.debug(_Log4jLoggerFactory.java:44)  TemplateLoader.findTemplateSource("error_zh.ftl"): Not found
2019-01-24 15:52:01  freemarker.log._Log4jLoggerFactory$Log4jLogger.debug(_Log4jLoggerFactory.java:44)  TemplateLoader.findTemplateSource("error.ftl"): Not found
2019-02-14 09:10:14  freemarker.log._Log4jLoggerFactory$Log4jLogger.debug(_Log4jLoggerFactory.java:44)  Couldn't find template in cache for "error.ftl"("zh_CN", UTF-8, parsed); will try to load it.
2019-02-14 09:10:14  freemarker.log._Log4jLoggerFactory$Log4jLogger.debug(_Log4jLoggerFactory.java:44)  TemplateLoader.findTemplateSource("error_zh_CN.ftl"): Not found
2019-02-14 09:10:14  freemarker.log._Log4jLoggerFactory$Log4jLogger.debug(_Log4jLoggerFactory.java:44)  TemplateLoader.findTemplateSource("error_zh.ftl"): Not found
2019-02-14 09:10:14  freemarker.log._Log4jLoggerFactory$Log4jLogger.debug(_Log4jLoggerFactory.java:44)  TemplateLoader.findTemplateSource("error.ftl"): Not found
2019-02-14 09:10:23  freemarker.log._Log4jLoggerFactory$Log4jLogger.debug(_Log4jLoggerFactory.java:44)  TemplateLoader.findTemplateSource("error_zh_CN.ftl"): Not found
2019-02-14 09:10:23  freemarker.log._Log4jLoggerFactory$Log4jLogger.debug(_Log4jLoggerFactory.java:44)  TemplateLoader.findTemplateSource("error_zh.ftl"): Not found
2019-02-14 09:10:23  freemarker.log._Log4jLoggerFactory$Log4jLogger.debug(_Log4jLoggerFactory.java:44)  TemplateLoader.findTemplateSource("error.ftl"): Not found
2019-02-14 09:10:23  freemarker.log._Log4jLoggerFactory$Log4jLogger.debug(_Log4jLoggerFactory.java:44)  "error.ftl"("zh_CN", UTF-8, parsed) no source found.
2019-02-14 09:10:23  freemarker.log._Log4jLoggerFactory$Log4jLogger.debug(_Log4jLoggerFactory.java:44)  Couldn't find template in cache for "error.html.ftl"("zh_CN", UTF-8, parsed); will try to load it.
2019-02-14 09:10:23  freemarker.log._Log4jLoggerFactory$Log4jLogger.debug(_Log4jLoggerFactory.java:44)  TemplateLoader.findTemplateSource("error.html_zh_CN.ftl"): Not found
2019-02-14 09:10:23  freemarker.log._Log4jLoggerFactory$Log4jLogger.debug(_Log4jLoggerFactory.java:44)  TemplateLoader.findTemplateSource("error.html_zh.ftl"): Not found
2019-02-14 09:10:23  freemarker.log._Log4jLoggerFactory$Log4jLogger.debug(_Log4jLoggerFactory.java:44)  TemplateLoader.findTemplateSource("error.html.ftl"): Not found
2019-02-14 09:10:38  freemarker.log._Log4jLoggerFactory$Log4jLogger.debug(_Log4jLoggerFactory.java:44)  TemplateLoader.findTemplateSource("error_zh_CN.ftl"): Not found
2019-02-14 09:10:38  freemarker.log._Log4jLoggerFactory$Log4jLogger.debug(_Log4jLoggerFactory.java:44)  TemplateLoader.findTemplateSource("error_zh.ftl"): Not found
2019-02-14 09:10:38  freemarker.log._Log4jLoggerFactory$Log4jLogger.debug(_Log4jLoggerFactory.java:44)  TemplateLoader.findTemplateSource("error.ftl"): Not found
2019-02-14 09:10:38  freemarker.log._Log4jLoggerFactory$Log4jLogger.debug(_Log4jLoggerFactory.java:44)  "error.ftl"("zh_CN", UTF-8, parsed) no source found.
2019-02-14 09:10:38  freemarker.log._Log4jLoggerFactory$Log4jLogger.debug(_Log4jLoggerFactory.java:44)  TemplateLoader.findTemplateSource("error.html_zh_CN.ftl"): Not found
2019-02-14 09:10:38  freemarker.log._Log4jLoggerFactory$Log4jLogger.debug(_Log4jLoggerFactory.java:44)  TemplateLoader.findTemplateSource("error.html_zh.ftl"): Not found
2019-02-14 09:10:38  freemarker.log._Log4jLoggerFactory$Log4jLogger.debug(_Log4jLoggerFactory.java:44)  TemplateLoader.findTemplateSource("error.html.ftl"): Not found
2019-02-14 09:10:38  freemarker.log._Log4jLoggerFactory$Log4jLogger.debug(_Log4jLoggerFactory.java:44)  "error.html.ftl"("zh_CN", UTF-8, parsed) no source found.
